<testsuites id="" name="" tests="16" failures="6" skipped="0" errors="7" time="114.097913">
<testsuite name="ui\auth.spec.js" timestamp="2026-08-24T05:06:33.972Z" hostname="ui-chromium" tests="5" failures="2" skipped="0" time="85.221" errors="1">
<testcase name="AC1 - User Registration &amp; Login @ui › TC-UI-01 new user can register with valid details @smoke @regression" classname="ui\auth.spec.js" time="38.318">
<system-out>
<![CDATA[
[[ATTACHMENT|..\test-results\auth-AC1---User-Registrati-19b0c-id-details-smoke-regression-ui-chromium\test-failed-1.png]]

[[ATTACHMENT|..\test-results\auth-AC1---User-Registrati-19b0c-id-details-smoke-regression-ui-chromium\video.webm]]

[[ATTACHMENT|..\test-results\auth-AC1---User-Registrati-19b0c-id-details-smoke-regression-ui-chromium\error-context.md]]

[[ATTACHMENT|..\test-results\auth-AC1---User-Registrati-19b0c-id-details-smoke-regression-ui-chromium\trace.zip]]
]]>
</system-out>
<failure message="expect(page).toHaveURL(expected) failed" type="expect.toHaveURL">
<![CDATA[  [ui-chromium] › ui\auth.spec.js:13:3 › AC1 - User Registration & Login @ui › TC-UI-01 new user can register with valid details @smoke @regression 

    Error: expect(page).toHaveURL(expected) failed

    Expected pattern: /\/auth\/login/
    Received string:  "https://practicesoftwaretesting.com/auth/register"
    Timeout: 8000ms

    Call log:
      - Expect "toHaveURL" with timeout 8000ms
        18 × locator resolved to <html lang="en" data-beasties-container="">…</html>
           - unexpected value "https://practicesoftwaretesting.com/auth/register"


      19 |
      20 |     // Toolshop redirects to the login page with a success banner on success.
    > 21 |     await expect(page).toHaveURL(/\/auth\/login/);
         |                        ^
      22 |     await expect(page.getByText(/registration complete|please proceed to login/i)).toBeVisible();
      23 |   });
      24 |
        at C:\Users\Saksham Srivastava\Downloads\qa-ai-practical-assessment\qa-ai-practical-assessment\PrismStructure-toolshop-playwright\tests\ui\auth.spec.js:21:24

    attachment #1: screenshot (image/png) ──────────────────────────────────────────────────────────
    ..\test-results\auth-AC1---User-Registrati-19b0c-id-details-smoke-regression-ui-chromium\test-failed-1.png
    ────────────────────────────────────────────────────────────────────────────────────────────────

    attachment #2: video (video/webm) ──────────────────────────────────────────────────────────────
    ..\test-results\auth-AC1---User-Registrati-19b0c-id-details-smoke-regression-ui-chromium\video.webm
    ────────────────────────────────────────────────────────────────────────────────────────────────

    Error Context: ..\test-results\auth-AC1---User-Registrati-19b0c-id-details-smoke-regression-ui-chromium\error-context.md

    attachment #4: trace (application/zip) ─────────────────────────────────────────────────────────
    ..\test-results\auth-AC1---User-Registrati-19b0c-id-details-smoke-regression-ui-chromium\trace.zip
    Usage:

        npx playwright show-trace ..\test-results\auth-AC1---User-Registrati-19b0c-id-details-smoke-regression-ui-chromium\trace.zip

    ────────────────────────────────────────────────────────────────────────────────────────────────
]]>
</failure>
</testcase>
<testcase name="AC1 - User Registration &amp; Login @ui › TC-UI-02 registration fails with duplicate / already-used email @regression" classname="ui\auth.spec.js" time="5.488">
</testcase>
<testcase name="AC1 - User Registration &amp; Login @ui › TC-UI-03 registered user can log in with valid credentials @smoke @regression" classname="ui\auth.spec.js" time="16.285">
<system-out>
<![CDATA[
[[ATTACHMENT|..\test-results\auth-AC1---User-Registrati-f2996-redentials-smoke-regression-ui-chromium\test-failed-1.png]]

[[ATTACHMENT|..\test-results\auth-AC1---User-Registrati-f2996-redentials-smoke-regression-ui-chromium\video.webm]]

[[ATTACHMENT|..\test-results\auth-AC1---User-Registrati-f2996-redentials-smoke-regression-ui-chromium\error-context.md]]

[[ATTACHMENT|..\test-results\auth-AC1---User-Registrati-f2996-redentials-smoke-regression-ui-chromium\trace.zip]]
]]>
</system-out>
<failure message="expect(locator).toBeVisible() failed" type="expect.toBeVisible">
<![CDATA[  [ui-chromium] › ui\auth.spec.js:35:3 › AC1 - User Registration & Login @ui › TC-UI-03 registered user can log in with valid credentials @smoke @regression 

    Error: expect(locator).toBeVisible() failed

    Locator:  locator('[data-test="nav-my-account"]')
    Expected: visible
    Received: hidden
    Timeout:  8000ms

    Call log:
      - Expect "toBeVisible" with timeout 8000ms
      - waiting for locator('[data-test="nav-my-account"]')
        16 × locator resolved to <a href="/account" routerlink="/account" class="dropdown-item" data-test="nav-my-account" _ngcontent-ng-c2913155081="">My account</a>
           - unexpected value "hidden"


      42 |
      43 |     await expect(page).toHaveURL(/\/account|\/$/);
    > 44 |     await expect(homePage.accountMenu).toBeVisible();
         |                                        ^
      45 |   });
      46 |
      47 |   test('TC-UI-04 login fails with an incorrect password @smoke @regression', async ({ page }) => {
        at C:\Users\Saksham Srivastava\Downloads\qa-ai-practical-assessment\qa-ai-practical-assessment\PrismStructure-toolshop-playwright\tests\ui\auth.spec.js:44:40

    attachment #1: screenshot (image/png) ──────────────────────────────────────────────────────────
    ..\test-results\auth-AC1---User-Registrati-f2996-redentials-smoke-regression-ui-chromium\test-failed-1.png
    ────────────────────────────────────────────────────────────────────────────────────────────────

    attachment #2: video (video/webm) ──────────────────────────────────────────────────────────────
    ..\test-results\auth-AC1---User-Registrati-f2996-redentials-smoke-regression-ui-chromium\video.webm
    ────────────────────────────────────────────────────────────────────────────────────────────────

    Error Context: ..\test-results\auth-AC1---User-Registrati-f2996-redentials-smoke-regression-ui-chromium\error-context.md

    attachment #4: trace (application/zip) ─────────────────────────────────────────────────────────
    ..\test-results\auth-AC1---User-Registrati-f2996-redentials-smoke-regression-ui-chromium\trace.zip
    Usage:

        npx playwright show-trace ..\test-results\auth-AC1---User-Registrati-f2996-redentials-smoke-regression-ui-chromium\trace.zip

    ────────────────────────────────────────────────────────────────────────────────────────────────
]]>
</failure>
</testcase>
<testcase name="AC1 - User Registration &amp; Login @ui › TC-UI-04 login fails with an incorrect password @smoke @regression" classname="ui\auth.spec.js" time="5.833">
</testcase>
<testcase name="AC1 - User Registration &amp; Login @ui › TC-UI-05 logged-in user can view and verify their profile information @regression" classname="ui\auth.spec.js" time="19.297">
<system-out>
<![CDATA[
[[ATTACHMENT|..\test-results\auth-AC1---User-Registrati-20b6b-file-information-regression-ui-chromium\test-failed-1.png]]

[[ATTACHMENT|..\test-results\auth-AC1---User-Registrati-20b6b-file-information-regression-ui-chromium\video.webm]]

[[ATTACHMENT|..\test-results\auth-AC1---User-Registrati-20b6b-file-information-regression-ui-chromium\error-context.md]]

[[ATTACHMENT|..\test-results\auth-AC1---User-Registrati-20b6b-file-information-regression-ui-chromium\trace.zip]]
]]>
</system-out>
<error message="locator.click: Timeout 10000ms exceeded." type="TimeoutError">
<![CDATA[  [ui-chromium] › ui\auth.spec.js:58:3 › AC1 - User Registration & Login @ui › TC-UI-05 logged-in user can view and verify their profile information @regression 

    TimeoutError: locator.click: Timeout 10000ms exceeded.
    Call log:
      - waiting for locator('[data-test="nav-my-account"]')
        - waiting for "https://practicesoftwaretesting.com/account" navigation to finish...
        - navigated to "https://practicesoftwaretesting.com/account"
        - locator resolved to <a href="/account" routerlink="/account" class="dropdown-item" data-test="nav-my-account" _ngcontent-ng-c2913155081="">My account</a>
      - attempting click action
        2 × waiting for element to be visible, enabled and stable
          - element is not visible
        - retrying click action
        - waiting 20ms
        2 × waiting for element to be visible, enabled and stable
          - element is not visible
        - retrying click action
          - waiting 100ms
        14 × waiting for element to be visible, enabled and stable
           - element is not visible
         - retrying click action
           - waiting 500ms


      63 |     await loginPage.open();
      64 |     await loginPage.login(email, password);
    > 65 |     await homePage.accountMenu.click();
         |                                ^
      66 |     await homePage.myProfileLink.click();
      67 |
      68 |     await expect(page).toHaveURL(/\/account\/profile/);
        at C:\Users\Saksham Srivastava\Downloads\qa-ai-practical-assessment\qa-ai-practical-assessment\PrismStructure-toolshop-playwright\tests\ui\auth.spec.js:65:32

    attachment #1: screenshot (image/png) ──────────────────────────────────────────────────────────
    ..\test-results\auth-AC1---User-Registrati-20b6b-file-information-regression-ui-chromium\test-failed-1.png
    ────────────────────────────────────────────────────────────────────────────────────────────────

    attachment #2: video (video/webm) ──────────────────────────────────────────────────────────────
    ..\test-results\auth-AC1---User-Registrati-20b6b-file-information-regression-ui-chromium\video.webm
    ────────────────────────────────────────────────────────────────────────────────────────────────

    Error Context: ..\test-results\auth-AC1---User-Registrati-20b6b-file-information-regression-ui-chromium\error-context.md

    attachment #4: trace (application/zip) ─────────────────────────────────────────────────────────
    ..\test-results\auth-AC1---User-Registrati-20b6b-file-information-regression-ui-chromium\trace.zip
    Usage:

        npx playwright show-trace ..\test-results\auth-AC1---User-Registrati-20b6b-file-information-regression-ui-chromium\trace.zip

    ────────────────────────────────────────────────────────────────────────────────────────────────
]]>
</error>
</testcase>
</testsuite>
<testsuite name="ui\purchase-flow.spec.js" timestamp="2026-08-24T05:06:33.972Z" hostname="ui-chromium" tests="3" failures="1" skipped="0" time="99.876" errors="2">
<testcase name="AC2 - End-to-End Purchase Flow @ui › TC-UI-07 user can browse, add multiple items and update quantity in cart @smoke @regression" classname="ui\purchase-flow.spec.js" time="44.598">
<system-out>
<![CDATA[
[[ATTACHMENT|..\test-results\purchase-flow-AC2---End-to-f2c74-ty-in-cart-smoke-regression-ui-chromium\test-failed-1.png]]

[[ATTACHMENT|..\test-results\purchase-flow-AC2---End-to-f2c74-ty-in-cart-smoke-regression-ui-chromium\video.webm]]

[[ATTACHMENT|..\test-results\purchase-flow-AC2---End-to-f2c74-ty-in-cart-smoke-regression-ui-chromium\error-context.md]]

[[ATTACHMENT|..\test-results\purchase-flow-AC2---End-to-f2c74-ty-in-cart-smoke-regression-ui-chromium\trace.zip]]
]]>
</system-out>
<failure message="expect(locator).toHaveValue(expected) failed" type="expect.toHaveValue">
<![CDATA[  [ui-chromium] › ui\purchase-flow.spec.js:23:3 › AC2 - End-to-End Purchase Flow @ui › TC-UI-07 user can browse, add multiple items and update quantity in cart @smoke @regression 

    Error: expect(locator).toHaveValue(expected) failed

    Locator: locator('tr').filter({ hasText: 'Pliers' }).locator('[data-test="quantity"]')
    Expected: "2"
    Timeout: 8000ms
    Error: element(s) not found

    Call log:
      - Expect "toHaveValue" with timeout 8000ms
      - waiting for locator('tr').filter({ hasText: 'Pliers' }).locator('[data-test="quantity"]')


      38 |
      39 |     await homePage.openCart();
    > 40 |     await expect(cartPage.rowQuantityInput(secondProductName)).toHaveValue('2');
         |                                                                ^
      41 |     await expect(page.locator('tr', { hasText: firstProductName })).toBeVisible();
      42 |   });
      43 |
        at C:\Users\Saksham Srivastava\Downloads\qa-ai-practical-assessment\qa-ai-practical-assessment\PrismStructure-toolshop-playwright\tests\ui\purchase-flow.spec.js:40:64

    attachment #1: screenshot (image/png) ──────────────────────────────────────────────────────────
    ..\test-results\purchase-flow-AC2---End-to-f2c74-ty-in-cart-smoke-regression-ui-chromium\test-failed-1.png
    ────────────────────────────────────────────────────────────────────────────────────────────────

    attachment #2: video (video/webm) ──────────────────────────────────────────────────────────────
    ..\test-results\purchase-flow-AC2---End-to-f2c74-ty-in-cart-smoke-regression-ui-chromium\video.webm
    ────────────────────────────────────────────────────────────────────────────────────────────────

    Error Context: ..\test-results\purchase-flow-AC2---End-to-f2c74-ty-in-cart-smoke-regression-ui-chromium\error-context.md

    attachment #4: trace (application/zip) ─────────────────────────────────────────────────────────
    ..\test-results\purchase-flow-AC2---End-to-f2c74-ty-in-cart-smoke-regression-ui-chromium\trace.zip
    Usage:

        npx playwright show-trace ..\test-results\purchase-flow-AC2---End-to-f2c74-ty-in-cart-smoke-regression-ui-chromium\trace.zip

    ────────────────────────────────────────────────────────────────────────────────────────────────
]]>
</failure>
</testcase>
<testcase name="AC2 - End-to-End Purchase Flow @ui › TC-UI-08 user can complete checkout via Cash on Delivery and view invoice @smoke @regression" classname="ui\purchase-flow.spec.js" time="33.559">
<system-out>
<![CDATA[
[[ATTACHMENT|..\test-results\purchase-flow-AC2---End-to-e44ba-ew-invoice-smoke-regression-ui-chromium\test-failed-1.png]]

[[ATTACHMENT|..\test-results\purchase-flow-AC2---End-to-e44ba-ew-invoice-smoke-regression-ui-chromium\video.webm]]

[[ATTACHMENT|..\test-results\purchase-flow-AC2---End-to-e44ba-ew-invoice-smoke-regression-ui-chromium\error-context.md]]

[[ATTACHMENT|..\test-results\purchase-flow-AC2---End-to-e44ba-ew-invoice-smoke-regression-ui-chromium\trace.zip]]
]]>
</system-out>
<error message="locator.selectOption: Timeout 10000ms exceeded." type="TimeoutError">
<![CDATA[  [ui-chromium] › ui\purchase-flow.spec.js:44:3 › AC2 - End-to-End Purchase Flow @ui › TC-UI-08 user can complete checkout via Cash on Delivery and view invoice @smoke @regression 

    TimeoutError: locator.selectOption: Timeout 10000ms exceeded.
    Call log:
      - waiting for locator('[data-test="payment-method"]')
        - locator resolved to <select id="payment-method" data-test="payment-method" formcontrolname="payment_method" class="form-select ng-untouched ng-pristine ng-invalid">…</select>
      - attempting select option action
        2 × waiting for element to be visible and enabled
          - element is not visible
        - retrying select option action
        - waiting 20ms
        2 × waiting for element to be visible and enabled
          - element is not visible
        - retrying select option action
          - waiting 100ms
        19 × waiting for element to be visible and enabled
           - element is not visible
         - retrying select option action
           - waiting 500ms


       at ..\src\pages\CheckoutPage.js:40

      38 |
      39 |   async selectPaymentMethod(method = 'Cash on Delivery') {
    > 40 |     await this.paymentMethodSelect.selectOption({ label: method });
         |                                    ^
      41 |   }
      42 |
      43 |   /**
        at CheckoutPage.selectPaymentMethod (C:\Users\Saksham Srivastava\Downloads\qa-ai-practical-assessment\qa-ai-practical-assessment\PrismStructure-toolshop-playwright\src\pages\CheckoutPage.js:40:36)
        at C:\Users\Saksham Srivastava\Downloads\qa-ai-practical-assessment\qa-ai-practical-assessment\PrismStructure-toolshop-playwright\tests\ui\purchase-flow.spec.js:60:24

    attachment #1: screenshot (image/png) ──────────────────────────────────────────────────────────
    ..\test-results\purchase-flow-AC2---End-to-e44ba-ew-invoice-smoke-regression-ui-chromium\test-failed-1.png
    ────────────────────────────────────────────────────────────────────────────────────────────────

    attachment #2: video (video/webm) ──────────────────────────────────────────────────────────────
    ..\test-results\purchase-flow-AC2---End-to-e44ba-ew-invoice-smoke-regression-ui-chromium\video.webm
    ────────────────────────────────────────────────────────────────────────────────────────────────

    Error Context: ..\test-results\purchase-flow-AC2---End-to-e44ba-ew-invoice-smoke-regression-ui-chromium\error-context.md

    attachment #4: trace (application/zip) ─────────────────────────────────────────────────────────
    ..\test-results\purchase-flow-AC2---End-to-e44ba-ew-invoice-smoke-regression-ui-chromium\trace.zip
    Usage:

        npx playwright show-trace ..\test-results\purchase-flow-AC2---End-to-e44ba-ew-invoice-smoke-regression-ui-chromium\trace.zip

    ────────────────────────────────────────────────────────────────────────────────────────────────
]]>
</error>
</testcase>
<testcase name="AC2 - End-to-End Purchase Flow @ui › TC-UI-09 user can remove an item from the cart before checkout @regression" classname="ui\purchase-flow.spec.js" time="21.719">
<system-out>
<![CDATA[
[[ATTACHMENT|..\test-results\purchase-flow-AC2---End-to-190ca--before-checkout-regression-ui-chromium\test-failed-1.png]]

[[ATTACHMENT|..\test-results\purchase-flow-AC2---End-to-190ca--before-checkout-regression-ui-chromium\video.webm]]

[[ATTACHMENT|..\test-results\purchase-flow-AC2---End-to-190ca--before-checkout-regression-ui-chromium\error-context.md]]

[[ATTACHMENT|..\test-results\purchase-flow-AC2---End-to-190ca--before-checkout-regression-ui-chromium\trace.zip]]
]]>
</system-out>
<error message="locator.click: Timeout 10000ms exceeded." type="TimeoutError">
<![CDATA[  [ui-chromium] › ui\purchase-flow.spec.js:74:3 › AC2 - End-to-End Purchase Flow @ui › TC-UI-09 user can remove an item from the cart before checkout @regression 

    TimeoutError: locator.click: Timeout 10000ms exceeded.
    Call log:
      - waiting for locator('tr').filter({ hasText: 'Combination Pliers' }).locator('[data-test="remove"]')


      83 |
      84 |     await homePage.openCart();
    > 85 |     await cartPage.removeButton(productName).click();
         |                                              ^
      86 |
      87 |     await expect(cartPage.emptyCartMessage).toBeVisible();
      88 |   });
        at C:\Users\Saksham Srivastava\Downloads\qa-ai-practical-assessment\qa-ai-practical-assessment\PrismStructure-toolshop-playwright\tests\ui\purchase-flow.spec.js:85:46

    attachment #1: screenshot (image/png) ──────────────────────────────────────────────────────────
    ..\test-results\purchase-flow-AC2---End-to-190ca--before-checkout-regression-ui-chromium\test-failed-1.png
    ────────────────────────────────────────────────────────────────────────────────────────────────

    attachment #2: video (video/webm) ──────────────────────────────────────────────────────────────
    ..\test-results\purchase-flow-AC2---End-to-190ca--before-checkout-regression-ui-chromium\video.webm
    ────────────────────────────────────────────────────────────────────────────────────────────────

    Error Context: ..\test-results\purchase-flow-AC2---End-to-190ca--before-checkout-regression-ui-chromium\error-context.md

    attachment #4: trace (application/zip) ─────────────────────────────────────────────────────────
    ..\test-results\purchase-flow-AC2---End-to-190ca--before-checkout-regression-ui-chromium\trace.zip
    Usage:

        npx playwright show-trace ..\test-results\purchase-flow-AC2---End-to-190ca--before-checkout-regression-ui-chromium\trace.zip

    ────────────────────────────────────────────────────────────────────────────────────────────────
]]>
</error>
</testcase>
</testsuite>
<testsuite name="api\auth.spec.js" timestamp="2026-08-24T05:06:33.972Z" hostname="api" tests="4" failures="2" skipped="0" time="24.48" errors="2">
<testcase name="API AC1 - Authentication &amp; Cart Creation @api › TC-API-01 new user can register successfully @smoke @regression" classname="api\auth.spec.js" time="10.113">
<system-out>
<![CDATA[
[[ATTACHMENT|..\test-results\auth-API-AC1---Authenticat-2cc06-ccessfully-smoke-regression-api\error-context.md]]

[[ATTACHMENT|..\test-results\auth-API-AC1---Authenticat-2cc06-ccessfully-smoke-regression-api\trace.zip]]
]]>
</system-out>
<error message="apiRequestContext.post: Timeout 10000ms exceeded." type="TimeoutError">
<![CDATA[  [api] › api\auth.spec.js:10:3 › API AC1 - Authentication & Cart Creation @api › TC-API-01 new user can register successfully @smoke @regression 

    TimeoutError: apiRequestContext.post: Timeout 10000ms exceeded.
    Call log:
      - → POST https://api.practicesoftwaretesting.com/users/register
        - user-agent: Playwright/1.62.1 (x64; windows 10.0) node/24.19
        - accept: */*
        - accept-encoding: gzip,deflate,br
        - content-type: application/json
        - content-length: 287


       at ..\src\api\ApiClient.js:21

      19 |
      20 |   async register(user) {
    > 21 |     return this.request.post(ENDPOINTS.users.register, { data: user });
         |                         ^
      22 |   }
      23 |
      24 |   async login(email, password) {
        at ApiClient.register (C:\Users\Saksham Srivastava\Downloads\qa-ai-practical-assessment\qa-ai-practical-assessment\PrismStructure-toolshop-playwright\src\api\ApiClient.js:21:25)
        at C:\Users\Saksham Srivastava\Downloads\qa-ai-practical-assessment\qa-ai-practical-assessment\PrismStructure-toolshop-playwright\tests\api\auth.spec.js:14:30

    Error Context: ..\test-results\auth-API-AC1---Authenticat-2cc06-ccessfully-smoke-regression-api\error-context.md

    attachment #2: trace (application/zip) ─────────────────────────────────────────────────────────
    ..\test-results\auth-API-AC1---Authenticat-2cc06-ccessfully-smoke-regression-api\trace.zip
    Usage:

        npx playwright show-trace ..\test-results\auth-API-AC1---Authenticat-2cc06-ccessfully-smoke-regression-api\trace.zip

    ────────────────────────────────────────────────────────────────────────────────────────────────
]]>
</error>
</testcase>
<testcase name="API AC1 - Authentication &amp; Cart Creation @api › TC-API-03 valid credentials return a bearer token @smoke @regression" classname="api\auth.spec.js" time="10.128">
<system-out>
<![CDATA[
[[ATTACHMENT|..\test-results\auth-API-AC1---Authenticat-744c8-arer-token-smoke-regression-api\error-context.md]]

[[ATTACHMENT|..\test-results\auth-API-AC1---Authenticat-744c8-arer-token-smoke-regression-api\trace.zip]]
]]>
</system-out>
<error message="apiRequestContext.post: Timeout 10000ms exceeded." type="TimeoutError">
<![CDATA[  [api] › api\auth.spec.js:22:3 › API AC1 - Authentication & Cart Creation @api › TC-API-03 valid credentials return a bearer token @smoke @regression 

    TimeoutError: apiRequestContext.post: Timeout 10000ms exceeded.
    Call log:
      - → POST https://api.practicesoftwaretesting.com/users/login
        - user-agent: Playwright/1.62.1 (x64; windows 10.0) node/24.19
        - accept: */*
        - accept-encoding: gzip,deflate,br
        - content-type: application/json
        - content-length: 71


       at ..\src\api\ApiClient.js:25

      23 |
      24 |   async login(email, password) {
    > 25 |     const res = await this.request.post(ENDPOINTS.users.login, {
         |                                    ^
      26 |       data: { email, password },
      27 |     });
      28 |     if (res.ok()) {
        at ApiClient.login (C:\Users\Saksham Srivastava\Downloads\qa-ai-practical-assessment\qa-ai-practical-assessment\PrismStructure-toolshop-playwright\src\api\ApiClient.js:25:36)
        at C:\Users\Saksham Srivastava\Downloads\qa-ai-practical-assessment\qa-ai-practical-assessment\PrismStructure-toolshop-playwright\tests\api\auth.spec.js:26:30

    Error Context: ..\test-results\auth-API-AC1---Authenticat-744c8-arer-token-smoke-regression-api\error-context.md

    attachment #2: trace (application/zip) ─────────────────────────────────────────────────────────
    ..\test-results\auth-API-AC1---Authenticat-744c8-arer-token-smoke-regression-api\trace.zip
    Usage:

        npx playwright show-trace ..\test-results\auth-API-AC1---Authenticat-744c8-arer-token-smoke-regression-api\trace.zip

    ────────────────────────────────────────────────────────────────────────────────────────────────
]]>
</error>
</testcase>
<testcase name="API AC1 - Authentication &amp; Cart Creation @api › TC-API-04 login is rejected for invalid credentials @smoke @regression" classname="api\auth.spec.js" time="2.629">
<system-out>
<![CDATA[
[[ATTACHMENT|..\test-results\auth-API-AC1---Authenticat-83dbe-redentials-smoke-regression-api\error-context.md]]

[[ATTACHMENT|..\test-results\auth-API-AC1---Authenticat-83dbe-redentials-smoke-regression-api\trace.zip]]
]]>
</system-out>
<failure message="expect(received).toBe(expected) // Object.is equality" type="expect.toBe">
<![CDATA[  [api] › api\auth.spec.js:34:3 › API AC1 - Authentication & Cart Creation @api › TC-API-04 login is rejected for invalid credentials @smoke @regression 

    Error: expect(received).toBe(expected) // Object.is equality

    Expected: 401
    Received: 500

      37 |     const res = await client.login('customer@practicesoftwaretesting.com', 'wrongPass123');
      38 |
    > 39 |     expect(res.status()).toBe(401);
         |                          ^
      40 |   });
      41 |
      42 |   test('TC-API-06 authenticated user can create a new cart @smoke @regression', async ({ request }) => {
        at C:\Users\Saksham Srivastava\Downloads\qa-ai-practical-assessment\qa-ai-practical-assessment\PrismStructure-toolshop-playwright\tests\api\auth.spec.js:39:26

    Error Context: ..\test-results\auth-API-AC1---Authenticat-83dbe-redentials-smoke-regression-api\error-context.md

    attachment #2: trace (application/zip) ─────────────────────────────────────────────────────────
    ..\test-results\auth-API-AC1---Authenticat-83dbe-redentials-smoke-regression-api\trace.zip
    Usage:

        npx playwright show-trace ..\test-results\auth-API-AC1---Authenticat-83dbe-redentials-smoke-regression-api\trace.zip

    ────────────────────────────────────────────────────────────────────────────────────────────────
]]>
</failure>
</testcase>
<testcase name="API AC1 - Authentication &amp; Cart Creation @api › TC-API-06 authenticated user can create a new cart @smoke @regression" classname="api\auth.spec.js" time="1.61">
<system-out>
<![CDATA[
[[ATTACHMENT|..\test-results\auth-API-AC1---Authenticat-f9ab4-a-new-cart-smoke-regression-api\error-context.md]]

[[ATTACHMENT|..\test-results\auth-API-AC1---Authenticat-f9ab4-a-new-cart-smoke-regression-api\trace.zip]]
]]>
</system-out>
<failure message="expect(received).toBe(expected) // Object.is equality" type="expect.toBe">
<![CDATA[  [api] › api\auth.spec.js:42:3 › API AC1 - Authentication & Cart Creation @api › TC-API-06 authenticated user can create a new cart @smoke @regression 

    Error: expect(received).toBe(expected) // Object.is equality

    Expected: 201
    Received: 500

      47 |     const res = await client.createCart();
      48 |
    > 49 |     expect(res.status()).toBe(201);
         |                          ^
      50 |     const body = await res.json();
      51 |     expect(body).toHaveProperty('id');
      52 |   });
        at C:\Users\Saksham Srivastava\Downloads\qa-ai-practical-assessment\qa-ai-practical-assessment\PrismStructure-toolshop-playwright\tests\api\auth.spec.js:49:26

    Error Context: ..\test-results\auth-API-AC1---Authenticat-f9ab4-a-new-cart-smoke-regression-api\error-context.md

    attachment #2: trace (application/zip) ─────────────────────────────────────────────────────────
    ..\test-results\auth-API-AC1---Authenticat-f9ab4-a-new-cart-smoke-regression-api\trace.zip
    Usage:

        npx playwright show-trace ..\test-results\auth-API-AC1---Authenticat-f9ab4-a-new-cart-smoke-regression-api\trace.zip

    ────────────────────────────────────────────────────────────────────────────────────────────────
]]>
</failure>
</testcase>
</testsuite>
<testsuite name="api\cart-invoice.spec.js" timestamp="2026-08-24T05:06:33.972Z" hostname="api" tests="4" failures="1" skipped="0" time="28.773" errors="2">
<testcase name="API AC2 - Product Selection &amp; Invoice Generation @api › TC-API-07 authenticated user can retrieve the product catalog @smoke @regression" classname="api\cart-invoice.spec.js" time="10.12">
<system-out>
<![CDATA[
[[ATTACHMENT|..\test-results\cart-invoice-API-AC2---Pro-69998-ct-catalog-smoke-regression-api\error-context.md]]

[[ATTACHMENT|..\test-results\cart-invoice-API-AC2---Pro-69998-ct-catalog-smoke-regression-api\trace.zip]]
]]>
</system-out>
<error message="apiRequestContext.post: Timeout 10000ms exceeded." type="TimeoutError">
<![CDATA[  [api] › api\cart-invoice.spec.js:29:3 › API AC2 - Product Selection & Invoice Generation @api › TC-API-07 authenticated user can retrieve the product catalog @smoke @regression 

    TimeoutError: apiRequestContext.post: Timeout 10000ms exceeded.
    Call log:
      - → POST https://api.practicesoftwaretesting.com/users/login
        - user-agent: Playwright/1.62.1 (x64; windows 10.0) node/24.19
        - accept: */*
        - accept-encoding: gzip,deflate,br
        - content-type: application/json
        - content-length: 71


       at ..\src\api\ApiClient.js:25

      23 |
      24 |   async login(email, password) {
    > 25 |     const res = await this.request.post(ENDPOINTS.users.login, {
         |                                    ^
      26 |       data: { email, password },
      27 |     });
      28 |     if (res.ok()) {
        at ApiClient.login (C:\Users\Saksham Srivastava\Downloads\qa-ai-practical-assessment\qa-ai-practical-assessment\PrismStructure-toolshop-playwright\src\api\ApiClient.js:25:36)
        at C:\Users\Saksham Srivastava\Downloads\qa-ai-practical-assessment\qa-ai-practical-assessment\PrismStructure-toolshop-playwright\tests\api\cart-invoice.spec.js:19:18

    Error Context: ..\test-results\cart-invoice-API-AC2---Pro-69998-ct-catalog-smoke-regression-api\error-context.md

    attachment #2: trace (application/zip) ─────────────────────────────────────────────────────────
    ..\test-results\cart-invoice-API-AC2---Pro-69998-ct-catalog-smoke-regression-api\trace.zip
    Usage:

        npx playwright show-trace ..\test-results\cart-invoice-API-AC2---Pro-69998-ct-catalog-smoke-regression-api\trace.zip

    ────────────────────────────────────────────────────────────────────────────────────────────────
]]>
</error>
</testcase>
<testcase name="API AC2 - Product Selection &amp; Invoice Generation @api › TC-API-08 user can add a product to the cart and verify contents @smoke @regression" classname="api\cart-invoice.spec.js" time="10.139">
<system-out>
<![CDATA[
[[ATTACHMENT|..\test-results\cart-invoice-API-AC2---Pro-ed47c-y-contents-smoke-regression-api\error-context.md]]

[[ATTACHMENT|..\test-results\cart-invoice-API-AC2---Pro-ed47c-y-contents-smoke-regression-api\trace.zip]]
]]>
</system-out>
<error message="apiRequestContext.post: Timeout 10000ms exceeded." type="TimeoutError">
<![CDATA[  [api] › api\cart-invoice.spec.js:38:3 › API AC2 - Product Selection & Invoice Generation @api › TC-API-08 user can add a product to the cart and verify contents @smoke @regression 

    TimeoutError: apiRequestContext.post: Timeout 10000ms exceeded.
    Call log:
      - → POST https://api.practicesoftwaretesting.com/users/login
        - user-agent: Playwright/1.62.1 (x64; windows 10.0) node/24.19
        - accept: */*
        - accept-encoding: gzip,deflate,br
        - content-type: application/json
        - content-length: 71


       at ..\src\api\ApiClient.js:25

      23 |
      24 |   async login(email, password) {
    > 25 |     const res = await this.request.post(ENDPOINTS.users.login, {
         |                                    ^
      26 |       data: { email, password },
      27 |     });
      28 |     if (res.ok()) {
        at ApiClient.login (C:\Users\Saksham Srivastava\Downloads\qa-ai-practical-assessment\qa-ai-practical-assessment\PrismStructure-toolshop-playwright\src\api\ApiClient.js:25:36)
        at C:\Users\Saksham Srivastava\Downloads\qa-ai-practical-assessment\qa-ai-practical-assessment\PrismStructure-toolshop-playwright\tests\api\cart-invoice.spec.js:19:18

    Error Context: ..\test-results\cart-invoice-API-AC2---Pro-ed47c-y-contents-smoke-regression-api\error-context.md

    attachment #2: trace (application/zip) ─────────────────────────────────────────────────────────
    ..\test-results\cart-invoice-API-AC2---Pro-ed47c-y-contents-smoke-regression-api\trace.zip
    Usage:

        npx playwright show-trace ..\test-results\cart-invoice-API-AC2---Pro-ed47c-y-contents-smoke-regression-api\trace.zip

    ────────────────────────────────────────────────────────────────────────────────────────────────
]]>
</error>
</testcase>
<testcase name="API AC2 - Product Selection &amp; Invoice Generation @api › TC-API-10 user can generate an invoice with Cash on Delivery @smoke @regression" classname="api\cart-invoice.spec.js" time="5.765">
<system-out>
<![CDATA[
[[ATTACHMENT|..\test-results\cart-invoice-API-AC2---Pro-d976a-n-Delivery-smoke-regression-api\error-context.md]]

[[ATTACHMENT|..\test-results\cart-invoice-API-AC2---Pro-d976a-n-Delivery-smoke-regression-api\trace.zip]]
]]>
</system-out>
<failure message="expect(received).toBe(expected) // Object.is equality" type="expect.toBe">
<![CDATA[  [api] › api\cart-invoice.spec.js:50:3 › API AC2 - Product Selection & Invoice Generation @api › TC-API-10 user can generate an invoice with Cash on Delivery @smoke @regression 

    Error: expect(received).toBe(expected) // Object.is equality

    Expected: 200
    Received: 401

      54 |     const res = await client.createInvoice(payload);
      55 |
    > 56 |     expect(res.status()).toBe(200);
         |                          ^
      57 |     const invoice = await res.json();
      58 |     expect(invoice).toHaveProperty('invoice_number');
      59 |     expect(invoice.status).toBeTruthy();
        at C:\Users\Saksham Srivastava\Downloads\qa-ai-practical-assessment\qa-ai-practical-assessment\PrismStructure-toolshop-playwright\tests\api\cart-invoice.spec.js:56:26

    Error Context: ..\test-results\cart-invoice-API-AC2---Pro-d976a-n-Delivery-smoke-regression-api\error-context.md

    attachment #2: trace (application/zip) ─────────────────────────────────────────────────────────
    ..\test-results\cart-invoice-API-AC2---Pro-d976a-n-Delivery-smoke-regression-api\trace.zip
    Usage:

        npx playwright show-trace ..\test-results\cart-invoice-API-AC2---Pro-d976a-n-Delivery-smoke-regression-api\trace.zip

    ────────────────────────────────────────────────────────────────────────────────────────────────
]]>
</failure>
</testcase>
<testcase name="API AC2 - Product Selection &amp; Invoice Generation @api › TC-API-11 invoice generation fails when cart_id is missing (negative) @regression" classname="api\cart-invoice.spec.js" time="2.749">
</testcase>
</testsuite>
</testsuites>