<testsuites id="" name="" tests="16" failures="0" skipped="0" errors="0" time="13.137734">
<testsuite name="ui/auth.spec.js" timestamp="2026-08-24T06:26:18.773Z" hostname="ui-chromium" tests="5" failures="0" skipped="0" time="8.401" errors="0">
<testcase name="AC1 - User Registration &amp; Login @ui › TC-UI-01 new user can register with valid details @smoke @regression" classname="ui/auth.spec.js" time="1.68">
</testcase>
<testcase name="AC1 - User Registration &amp; Login @ui › TC-UI-02 registration fails with duplicate / already-used email @regression" classname="ui/auth.spec.js" time="1.666">
</testcase>
<testcase name="AC1 - User Registration &amp; Login @ui › TC-UI-03 registered user can log in with valid credentials @smoke @regression" classname="ui/auth.spec.js" time="1.515">
</testcase>
<testcase name="AC1 - User Registration &amp; Login @ui › TC-UI-04 login fails with an incorrect password @smoke @regression" classname="ui/auth.spec.js" time="1.362">
</testcase>
<testcase name="AC1 - User Registration &amp; Login @ui › TC-UI-05 logged-in user can view and verify their profile information @regression" classname="ui/auth.spec.js" time="2.178">
</testcase>
</testsuite>
<testsuite name="ui/purchase-flow.spec.js" timestamp="2026-08-24T06:26:18.773Z" hostname="ui-chromium" tests="3" failures="0" skipped="0" time="12.486" errors="0">
<testcase name="AC2 - End-to-End Purchase Flow @ui › TC-UI-07 user can browse, add multiple items and update quantity in cart @smoke @regression" classname="ui/purchase-flow.spec.js" time="3.813">
</testcase>
<testcase name="AC2 - End-to-End Purchase Flow @ui › TC-UI-08 user can complete checkout via Cash on Delivery and view invoice @smoke @regression" classname="ui/purchase-flow.spec.js" time="5.611">
</testcase>
<testcase name="AC2 - End-to-End Purchase Flow @ui › TC-UI-09 user can remove an item from the cart before checkout @regression" classname="ui/purchase-flow.spec.js" time="3.062">
</testcase>
</testsuite>
<testsuite name="api/auth.spec.js" timestamp="2026-08-24T06:26:18.773Z" hostname="api" tests="4" failures="0" skipped="0" time="2.478" errors="0">
<testcase name="API AC1 - Authentication &amp; Cart Creation @api › TC-API-01 new user can register successfully @smoke @regression" classname="api/auth.spec.js" time="0.51">
</testcase>
<testcase name="API AC1 - Authentication &amp; Cart Creation @api › TC-API-03 valid credentials return a bearer token @smoke @regression" classname="api/auth.spec.js" time="0.466">
</testcase>
<testcase name="API AC1 - Authentication &amp; Cart Creation @api › TC-API-04 login is rejected for invalid credentials @smoke @regression" classname="api/auth.spec.js" time="0.856">
</testcase>
<testcase name="API AC1 - Authentication &amp; Cart Creation @api › TC-API-06 authenticated user can create a new cart @smoke @regression" classname="api/auth.spec.js" time="0.646">
</testcase>
</testsuite>
<testsuite name="api/cart-invoice.spec.js" timestamp="2026-08-24T06:26:18.773Z" hostname="api" tests="4" failures="0" skipped="0" time="6.058" errors="0">
<testcase name="API AC2 - Product Selection &amp; Invoice Generation @api › TC-API-07 authenticated user can retrieve the product catalog @smoke @regression" classname="api/cart-invoice.spec.js" time="1.308">
</testcase>
<testcase name="API AC2 - Product Selection &amp; Invoice Generation @api › TC-API-08 user can add a product to the cart and verify contents @smoke @regression" classname="api/cart-invoice.spec.js" time="1.595">
</testcase>
<testcase name="API AC2 - Product Selection &amp; Invoice Generation @api › TC-API-10 user can generate an invoice with Cash on Delivery @smoke @regression" classname="api/cart-invoice.spec.js" time="1.929">
</testcase>
<testcase name="API AC2 - Product Selection &amp; Invoice Generation @api › TC-API-11 invoice generation fails when cart_id is missing (negative) @regression" classname="api/cart-invoice.spec.js" time="1.226">
</testcase>
</testsuite>
</testsuites>